Using pre-set license
Built from '2021.3/staging' branch; Version is '2021.3.20f1 (577897200b8b) revision 5732503'; Using compiler version '192829333'; Build Type 'Release'
OS: 'Windows 10  (10.0.19045) 64bit CoreSingleLanguage' Language: 'tr' Physical Memory: 16221 MB
BatchMode: 1, IsHumanControllingUs: 0, StartBugReporterOnCrash: 0, Is64bit: 1, IsPro: 1

COMMAND LINE ARGUMENTS:
C:\Program Files\Unity 2021.3.20f1\Editor\Unity.exe
-adb2
-batchMode
-noUpm
-name
AssetImportWorker0
-projectPath
C:/Users/EdaGunes/UnityProjects/EndlessRunner/EndlessRunner
-logFile
Logs/AssetImportWorker0.log
-srvPort
52403
Successfully changed project path to: C:/Users/EdaGunes/UnityProjects/EndlessRunner/EndlessRunner
C:/Users/EdaGunes/UnityProjects/EndlessRunner/EndlessRunner
[UnityMemory] Configuration Parameters - Can be set up in boot.config
    "memorysetup-bucket-allocator-granularity=16"
    "memorysetup-bucket-allocator-bucket-count=8"
    "memorysetup-bucket-allocator-block-size=33554432"
    "memorysetup-bucket-allocator-block-count=8"
    "memorysetup-main-allocator-block-size=16777216"
    "memorysetup-thread-allocator-block-size=16777216"
    "memorysetup-gfx-main-allocator-block-size=16777216"
    "memorysetup-gfx-thread-allocator-block-size=16777216"
    "memorysetup-cache-allocator-block-size=4194304"
    "memorysetup-typetree-allocator-block-size=2097152"
    "memorysetup-profiler-bucket-allocator-granularity=16"
    "memorysetup-profiler-bucket-allocator-bucket-count=8"
    "memorysetup-profiler-bucket-allocator-block-size=33554432"
    "memorysetup-profiler-bucket-allocator-block-count=8"
    "memorysetup-profiler-allocator-block-size=16777216"
    "memorysetup-profiler-editor-allocator-block-size=1048576"
    "memorysetup-temp-allocator-size-main=16777216"
    "memorysetup-job-temp-allocator-block-size=2097152"
    "memorysetup-job-temp-allocator-block-size-background=1048576"
    "memorysetup-job-temp-allocator-reduction-small-platforms=262144"
    "memorysetup-temp-allocator-size-background-worker=32768"
    "memorysetup-temp-allocator-size-job-worker=262144"
    "memorysetup-temp-allocator-size-preload-manager=33554432"
    "memorysetup-temp-allocator-size-nav-mesh-worker=65536"
    "memorysetup-temp-allocator-size-audio-worker=65536"
    "memorysetup-temp-allocator-size-cloud-worker=32768"
    "memorysetup-temp-allocator-size-gi-baking-worker=262144"
    "memorysetup-temp-allocator-size-gfx=262144"
Player connection [1888] Host "[IP] 192.168.160.1 [Port] 0 [Flags] 2 [Guid] 1180556880 [EditorId] 1180556880 [Version] 1048832 [Id] WindowsEditor(7,DESKTOP-3OD251U) [Debug] 1 [PackageName] WindowsEditor [ProjectName] Editor" joined multi-casting on [225.0.0.222:54997]...

Player connection [1888] Host "[IP] 192.168.160.1 [Port] 0 [Flags] 2 [Guid] 1180556880 [EditorId] 1180556880 [Version] 1048832 [Id] WindowsEditor(7,DESKTOP-3OD251U) [Debug] 1 [PackageName] WindowsEditor [ProjectName] Editor" joined alternative multi-casting on [225.0.0.222:34997]...

Refreshing native plugins compatible for Editor in 148.82 ms, found 3 plugins.
Preloading 0 native plugins for Editor in 0.00 ms.
Initialize engine version: 2021.3.20f1 (577897200b8b)
[Subsystems] Discovering subsystems at path C:/Program Files/Unity 2021.3.20f1/Editor/Data/Resources/UnitySubsystems
[Subsystems] Discovering subsystems at path C:/Users/EdaGunes/UnityProjects/EndlessRunner/EndlessRunner/Assets
GfxDevice: creating device client; threaded=0; jobified=0
Direct3D:
    Version:  Direct3D 11.0 [level 11.1]
    Renderer: NVIDIA GeForce GTX 1650 Ti (ID=0x1f95)
    Vendor:   NVIDIA
    VRAM:     3950 MB
    Driver:   31.0.15.4633
Initialize mono
Mono path[0] = 'C:/Program Files/Unity 2021.3.20f1/Editor/Data/Managed'
Mono path[1] = 'C:/Program Files/Unity 2021.3.20f1/Editor/Data/MonoBleedingEdge/lib/mono/unityjit-win32'
Mono config path = 'C:/Program Files/Unity 2021.3.20f1/Editor/Data/MonoBleedingEdge/etc'
Using monoOptions --debugger-agent=transport=dt_socket,embedding=1,server=y,suspend=n,address=127.0.0.1:56620
Begin MonoManager ReloadAssembly
Registering precompiled unity dll's ...
Register platform support module: C:/Program Files/Unity 2021.3.20f1/Editor/Data/PlaybackEngines/AndroidPlayer/UnityEditor.Android.Extensions.dll
Register platform support module: C:/Program Files/Unity 2021.3.20f1/Editor/Data/PlaybackEngines/WindowsStandaloneSupport/UnityEditor.WindowsStandalone.Extensions.dll
Registered in 0.268764 seconds.
Native extension for WindowsStandalone target not found
Native extension for Android target not found
Refreshing native plugins compatible for Editor in 87.98 ms, found 3 plugins.
Preloading 0 native plugins for Editor in 0.00 ms.
Mono: successfully reloaded assembly
- Completed reload, in  6.176 seconds
Domain Reload Profiling:
	ReloadAssembly (6177ms)
		BeginReloadAssembly (4272ms)
			ExecutionOrderSort (0ms)
			DisableScriptedObjects (0ms)
			BackupInstance (0ms)
			ReleaseScriptingObjects (0ms)
			CreateAndSetChildDomain (1ms)
		EndReloadAssembly (1294ms)
			LoadAssemblies (4270ms)
			RebuildTransferFunctionScriptingTraits (0ms)
			SetupTypeCache (884ms)
			ReleaseScriptCaches (0ms)
			RebuildScriptCaches (36ms)
			SetupLoadedEditorAssemblies (316ms)
				LogAssemblyErrors (0ms)
				InitializePlatformSupportModulesInManaged (60ms)
				SetLoadedEditorAssemblies (0ms)
				RefreshPlugins (88ms)
				BeforeProcessingInitializeOnLoad (2ms)
				ProcessInitializeOnLoadAttributes (106ms)
				ProcessInitializeOnLoadMethodAttributes (60ms)
				AfterProcessingInitializeOnLoad (0ms)
				EditorAssembliesLoaded (0ms)
			ExecutionOrderSort2 (0ms)
			AwakeInstancesAfterBackupRestoration (0ms)
Platform modules already initialized, skipping
Registering precompiled user dll's ...
Registered in 0.008553 seconds.
Begin MonoManager ReloadAssembly
Symbol file LoadedFromMemory doesn't match image C:\Users\EdaGunes\UnityProjects\EndlessRunner\EndlessRunner\Library\PackageCache\com.unity.visualscripting@1.8.0\Editor\VisualScripting.Core\Dependencies\YamlDotNet\Unity.VisualScripting.YamlDotNet.dll
Symbol file LoadedFromMemory doesn't match image C:\Users\EdaGunes\UnityProjects\EndlessRunner\EndlessRunner\Library\PackageCache\com.unity.visualscripting@1.8.0\Editor\VisualScripting.Core\Dependencies\DotNetZip\Unity.VisualScripting.IonicZip.dll
Native extension for WindowsStandalone target not found
Native extension for Android target not found
Refreshing native plugins compatible for Editor in 0.54 ms, found 3 plugins.
Preloading 0 native plugins for Editor in 0.00 ms.
Mono: successfully reloaded assembly
- Completed reload, in  4.436 seconds
Domain Reload Profiling:
	ReloadAssembly (4437ms)
		BeginReloadAssembly (134ms)
			ExecutionOrderSort (0ms)
			DisableScriptedObjects (7ms)
			BackupInstance (0ms)
			ReleaseScriptingObjects (0ms)
			CreateAndSetChildDomain (20ms)
		EndReloadAssembly (4132ms)
			LoadAssemblies (2730ms)
			RebuildTransferFunctionScriptingTraits (0ms)
			SetupTypeCache (899ms)
			ReleaseScriptCaches (1ms)
			RebuildScriptCaches (63ms)
			SetupLoadedEditorAssemblies (399ms)
				LogAssemblyErrors (0ms)
				InitializePlatformSupportModulesInManaged (20ms)
				SetLoadedEditorAssemblies (0ms)
				RefreshPlugins (1ms)
				BeforeProcessingInitializeOnLoad (95ms)
				ProcessInitializeOnLoadAttributes (254ms)
				ProcessInitializeOnLoadMethodAttributes (21ms)
				AfterProcessingInitializeOnLoad (8ms)
				EditorAssembliesLoaded (0ms)
			ExecutionOrderSort2 (0ms)
			AwakeInstancesAfterBackupRestoration (6ms)
Platform modules already initialized, skipping
========================================================================
Worker process is ready to serve import requests
Launched and connected shader compiler UnityShaderCompiler.exe after 0.06 seconds
Refreshing native plugins compatible for Editor in 0.56 ms, found 3 plugins.
Preloading 0 native plugins for Editor in 0.00 ms.
Unloading 3047 Unused Serialized files (Serialized files now loaded: 0)
Unloading 22 unused Assets / (56.5 KB). Loaded Objects now: 3511.
Memory consumption went from 107.5 MB to 107.4 MB.
Total: 3.656500 ms (FindLiveObjects: 0.283600 ms CreateObjectMapping: 0.232000 ms MarkObjects: 3.071600 ms  DeleteObjects: 0.068600 ms)

AssetImportParameters requested are different than current active one (requested -> active):
  custom:video-decoder-ogg-theora: a1e56fd34408186e4bbccfd4996cb3dc -> 
  custom:container-muxer-webm: aa71ff27fc2769a1b78a27578f13a17b -> 
  custom:container-demuxer-webm: 4f35f7cbe854078d1ac9338744f61a02 -> 
  custom:video-encoder-webm-vp8: eb34c28f22e8b96e1ab97ce403110664 -> 
  custom:audio-encoder-webm-vorbis: bf7c407c2cedff20999df2af8eb42d56 -> 
  custom:framework-win-MediaFoundation: 216162199b28c13a410421893ffa2e32 -> 
  custom:container-demuxer-ogg: 62fdf1f143b41e24485cea50d1cbac27 -> 
  custom:video-decoder-webm-vp8: 9c59270c3fd7afecdb556c50c9e8de78 -> 
  custom:audio-decoder-ogg-vorbis: bf7c407c2cedff20999df2af8eb42d56 -> 
========================================================================
Received Import Request.
  Time since last request: 2874006.595887 seconds.
  path: Assets/PolygonStarter/Models/Characters.fbx
  artifactKey: Guid(2dc7b382d25903545b405802eb2198ab) Importer(815301076,1909f56bfc062723c751e8b465ee728b)
Start importing Assets/PolygonStarter/Models/Characters.fbx using Guid(2dc7b382d25903545b405802eb2198ab) Importer(815301076,1909f56bfc062723c751e8b465ee728b)  -> (artifact id: '80491c0a68db67cfc58817a194bb039d') in 0.543899 seconds 
========================================================================
Received Import Request.
  Time since last request: 5.116869 seconds.
  path: Assets/PolygonStarter/Textures/Polygon_Plane_Texture_01.png
  artifactKey: Guid(a969091ee1740c3469cc70c44c3caa60) Importer(815301076,1909f56bfc062723c751e8b465ee728b)
Start importing Assets/PolygonStarter/Textures/Polygon_Plane_Texture_01.png using Guid(a969091ee1740c3469cc70c44c3caa60) Importer(815301076,1909f56bfc062723c751e8b465ee728b)  -> (artifact id: '307500d7aa610e74d0a3fb4ca88018b6') in 0.038018 seconds 
========================================================================
Received Import Request.
  Time since last request: 0.713604 seconds.
  path: Assets/PolygonStarter/Textures/Polygon_Plane_Texture_02.png
  artifactKey: Guid(addc2d43f6566e24d8bd5924661c6c7d) Importer(815301076,1909f56bfc062723c751e8b465ee728b)
Start importing Assets/PolygonStarter/Textures/Polygon_Plane_Texture_02.png using Guid(addc2d43f6566e24d8bd5924661c6c7d) Importer(815301076,1909f56bfc062723c751e8b465ee728b)  -> (artifact id: 'dd4cf82bc91564d0b3e742ea3f61ca4e') in 0.017927 seconds 
========================================================================
Received Import Request.
  Time since last request: 9.805251 seconds.
  path: Assets/PolygonStarter/Models/SM_Bean_Cowboy_01.fbx
  artifactKey: Guid(477c3a0d92aa1424db2ac70c581d1745) Importer(815301076,1909f56bfc062723c751e8b465ee728b)
Start importing Assets/PolygonStarter/Models/SM_Bean_Cowboy_01.fbx using Guid(477c3a0d92aa1424db2ac70c581d1745) Importer(815301076,1909f56bfc062723c751e8b465ee728b)  -> (artifact id: 'dae82198540e7bf852361f664dee3df7') in 0.024295 seconds 
========================================================================
Received Import Request.
  Time since last request: 0.958479 seconds.
  path: Assets/PolygonStarter/Models/SM_Bean_Female_01.fbx
  artifactKey: Guid(a668c639af8f6754dbfcfbbb9ae0471d) Importer(815301076,1909f56bfc062723c751e8b465ee728b)
Start importing Assets/PolygonStarter/Models/SM_Bean_Female_01.fbx using Guid(a668c639af8f6754dbfcfbbb9ae0471d) Importer(815301076,1909f56bfc062723c751e8b465ee728b)  -> (artifact id: 'c0e5c315e9c7577baad013a96bdcb969') in 0.019884 seconds 
========================================================================
Received Import Request.
  Time since last request: 0.658947 seconds.
  path: Assets/PolygonStarter/Models/SM_Bean_Town_Female_01.fbx
  artifactKey: Guid(f7e1d82bf18845c41bfe76f17769ef20) Importer(815301076,1909f56bfc062723c751e8b465ee728b)
Start importing Assets/PolygonStarter/Models/SM_Bean_Town_Female_01.fbx using Guid(f7e1d82bf18845c41bfe76f17769ef20) Importer(815301076,1909f56bfc062723c751e8b465ee728b)  -> (artifact id: 'e2ac24007032fefed3ebf621538e60e3') in 0.020404 seconds 
========================================================================
Received Import Request.
  Time since last request: 0.535048 seconds.
  path: Assets/PolygonStarter/Models/SM_Generic_CloudRing_01.fbx
  artifactKey: Guid(c46fa2dcdad10a34d9cfcf6eaee6c3ed) Importer(815301076,1909f56bfc062723c751e8b465ee728b)
Start importing Assets/PolygonStarter/Models/SM_Generic_CloudRing_01.fbx using Guid(c46fa2dcdad10a34d9cfcf6eaee6c3ed) Importer(815301076,1909f56bfc062723c751e8b465ee728b)  -> (artifact id: '76c685b671c1069d5b88f93d128daa77') in 0.019966 seconds 
========================================================================
Received Import Request.
  Time since last request: 1.859302 seconds.
  path: Assets/PolygonStarter/Models/SM_PolygonPrototype_Buildings_Ramp_25_1x1_01P.fbx
  artifactKey: Guid(61fb2dc939f73bf4882dd937f15fd0c1) Importer(815301076,1909f56bfc062723c751e8b465ee728b)
Start importing Assets/PolygonStarter/Models/SM_PolygonPrototype_Buildings_Ramp_25_1x1_01P.fbx using Guid(61fb2dc939f73bf4882dd937f15fd0c1) Importer(815301076,1909f56bfc062723c751e8b465ee728b)  -> (artifact id: '577bcb2c2ddd5af94a1ba4daf681b362') in 0.022099 seconds 
========================================================================
Received Import Request.
  Time since last request: 1.044268 seconds.
  path: Assets/PolygonStarter/Models/SM_Veh_Plane_Stunt_01.fbx
  artifactKey: Guid(89cfb46882e163d428cb9f3d79ae2393) Importer(815301076,1909f56bfc062723c751e8b465ee728b)
Start importing Assets/PolygonStarter/Models/SM_Veh_Plane_Stunt_01.fbx using Guid(89cfb46882e163d428cb9f3d79ae2393) Importer(815301076,1909f56bfc062723c751e8b465ee728b)  -> (artifact id: '53a9d50587dfd59d358978888c139b59') in 0.116740 seconds 
========================================================================
Received Import Request.
  Time since last request: 37.301330 seconds.
  path: Assets/PolygonStarter/Models/Characters.fbx
  artifactKey: Guid(2dc7b382d25903545b405802eb2198ab) Importer(815301076,1909f56bfc062723c751e8b465ee728b)
Start importing Assets/PolygonStarter/Models/Characters.fbx using Guid(2dc7b382d25903545b405802eb2198ab) Importer(815301076,1909f56bfc062723c751e8b465ee728b)  -> (artifact id: '4434aa29d5ed85b6dd70166fb90ae0b8') in 0.064935 seconds 
========================================================================
Received Import Request.
  Time since last request: 40.045403 seconds.
  path: Assets/PolygonStarter/Models/Materials
  artifactKey: Guid(cbd6c5778f639344c989c85083c24d35) Importer(815301076,1909f56bfc062723c751e8b465ee728b)
Start importing Assets/PolygonStarter/Models/Materials using Guid(cbd6c5778f639344c989c85083c24d35) Importer(815301076,1909f56bfc062723c751e8b465ee728b)  -> (artifact id: 'f3a0eccfbcb307140d3b5589fad8de58') in 0.010745 seconds 
========================================================================
Received Import Request.
  Time since last request: 4.832181 seconds.
  path: Assets/PolygonStarter/Models/Collision
  artifactKey: Guid(4ae942c651a59624ca95bb2ffa178457) Importer(815301076,1909f56bfc062723c751e8b465ee728b)
Start importing Assets/PolygonStarter/Models/Collision using Guid(4ae942c651a59624ca95bb2ffa178457) Importer(815301076,1909f56bfc062723c751e8b465ee728b)  -> (artifact id: 'a5e97ad6ea2bcaa9d54e21a6a24338c9') in 0.010497 seconds 
========================================================================
Received Import Request.
  Time since last request: 0.778494 seconds.
  path: Assets/PolygonStarter/Models/Collision/SM_Buildings_DoorFrame_01.fbx
  artifactKey: Guid(c7bd79f25c690294f893f8905d2264f5) Importer(815301076,1909f56bfc062723c751e8b465ee728b)
Start importing Assets/PolygonStarter/Models/Collision/SM_Buildings_DoorFrame_01.fbx using Guid(c7bd79f25c690294f893f8905d2264f5) Importer(815301076,1909f56bfc062723c751e8b465ee728b)  -> (artifact id: '29d966686e474b9391e7870dd9cf16dc') in 0.019609 seconds 
========================================================================
Received Import Request.
  Time since last request: 11.524642 seconds.
  path: Assets/PolygonStarter/Models/Characters.fbx
  artifactKey: Guid(2dc7b382d25903545b405802eb2198ab) Importer(815301076,1909f56bfc062723c751e8b465ee728b)
Start importing Assets/PolygonStarter/Models/Characters.fbx using Guid(2dc7b382d25903545b405802eb2198ab) Importer(815301076,1909f56bfc062723c751e8b465ee728b)  -> (artifact id: '0530a6853abd93a78baf32282f5cd429') in 0.047134 seconds 
========================================================================
Received Import Request.
  Time since last request: 124.216338 seconds.
  path: Assets/PolygonStarter/Models/Characters.fbx
  artifactKey: Guid(2dc7b382d25903545b405802eb2198ab) Importer(815301076,1909f56bfc062723c751e8b465ee728b)
Start importing Assets/PolygonStarter/Models/Characters.fbx using Guid(2dc7b382d25903545b405802eb2198ab) Importer(815301076,1909f56bfc062723c751e8b465ee728b)  -> (artifact id: '21fbd951a3f3f603d032a211028920b8') in 0.065926 seconds 
========================================================================
Received Import Request.
  Time since last request: 71.753795 seconds.
  path: Assets/PolygonStarter/Models/Characters.fbx
  artifactKey: Guid(2dc7b382d25903545b405802eb2198ab) Importer(815301076,1909f56bfc062723c751e8b465ee728b)
Start importing Assets/PolygonStarter/Models/Characters.fbx using Guid(2dc7b382d25903545b405802eb2198ab) Importer(815301076,1909f56bfc062723c751e8b465ee728b)  -> (artifact id: '765cb1f0b4f5fdbf8e49502b27ae0682') in 0.071964 seconds 
========================================================================
Received Import Request.
  Time since last request: 25.964689 seconds.
  path: Assets/PolygonStarter/Models/Characters.fbx
  artifactKey: Guid(2dc7b382d25903545b405802eb2198ab) Importer(815301076,1909f56bfc062723c751e8b465ee728b)
Start importing Assets/PolygonStarter/Models/Characters.fbx using Guid(2dc7b382d25903545b405802eb2198ab) Importer(815301076,1909f56bfc062723c751e8b465ee728b)  -> (artifact id: 'd8657422799a8fc3c8b39f1e62ae42cc') in 0.090036 seconds 
========================================================================
Received Import Request.
  Time since last request: 3.012920 seconds.
  path: Assets/PolygonStarter/Models/Characters.fbx
  artifactKey: Guid(2dc7b382d25903545b405802eb2198ab) Importer(815301076,1909f56bfc062723c751e8b465ee728b)
Start importing Assets/PolygonStarter/Models/Characters.fbx using Guid(2dc7b382d25903545b405802eb2198ab) Importer(815301076,1909f56bfc062723c751e8b465ee728b)  -> (artifact id: '11ca52312f942714930af3ca5b60c954') in 0.047059 seconds 
========================================================================
Received Import Request.
  Time since last request: 20.731142 seconds.
  path: Assets/PolygonStarter/Models/Characters.fbx
  artifactKey: Guid(2dc7b382d25903545b405802eb2198ab) Importer(815301076,1909f56bfc062723c751e8b465ee728b)
Start importing Assets/PolygonStarter/Models/Characters.fbx using Guid(2dc7b382d25903545b405802eb2198ab) Importer(815301076,1909f56bfc062723c751e8b465ee728b)  -> (artifact id: '476e06593ec9b86369222c40d8b72e71') in 0.045658 seconds 
========================================================================
Received Import Request.
  Time since last request: 87.800714 seconds.
  path: Assets/PolygonStarter/Prefabs/SM_Bld_Door_01.prefab
  artifactKey: Guid(6d34f074083a0dc4d9798f703bad35de) Importer(815301076,1909f56bfc062723c751e8b465ee728b)
Start importing Assets/PolygonStarter/Prefabs/SM_Bld_Door_01.prefab using Guid(6d34f074083a0dc4d9798f703bad35de) Importer(815301076,1909f56bfc062723c751e8b465ee728b)  -> (artifact id: '8f535838530542316c4adaae10a27911') in 0.021783 seconds 
========================================================================
Received Import Request.
  Time since last request: 0.825748 seconds.
  path: Assets/PolygonStarter/Prefabs/SM_Generic_CloudRing_01.prefab
  artifactKey: Guid(280053154239720458c4b6093bfea66a) Importer(815301076,1909f56bfc062723c751e8b465ee728b)
Start importing Assets/PolygonStarter/Prefabs/SM_Generic_CloudRing_01.prefab using Guid(280053154239720458c4b6093bfea66a) Importer(815301076,1909f56bfc062723c751e8b465ee728b)  -> (artifact id: '556e7c25c1cf5d2e3c094988547a0de9') in 0.021067 seconds 
========================================================================
Received Import Request.
  Time since last request: 0.557909 seconds.
  path: Assets/PolygonStarter/Prefabs/SM_Generic_Ground_01.prefab
  artifactKey: Guid(fb0131aa61eef7c4d95b2efaf17614ec) Importer(815301076,1909f56bfc062723c751e8b465ee728b)
Start importing Assets/PolygonStarter/Prefabs/SM_Generic_Ground_01.prefab using Guid(fb0131aa61eef7c4d95b2efaf17614ec) Importer(815301076,1909f56bfc062723c751e8b465ee728b)  -> (artifact id: 'b19746b47aebf5006dd6af712315339f') in 0.017981 seconds 
========================================================================
Received Import Request.
  Time since last request: 0.532166 seconds.
  path: Assets/PolygonStarter/Prefabs/SM_Generic_Ground_02.prefab
  artifactKey: Guid(2bd56128040193346a96ac4ec4bfa455) Importer(815301076,1909f56bfc062723c751e8b465ee728b)
Start importing Assets/PolygonStarter/Prefabs/SM_Generic_Ground_02.prefab using Guid(2bd56128040193346a96ac4ec4bfa455) Importer(815301076,1909f56bfc062723c751e8b465ee728b)  -> (artifact id: 'bb2de83ca259c887ce633c2393728478') in 0.028972 seconds 
========================================================================
Received Import Request.
  Time since last request: 0.422965 seconds.
  path: Assets/PolygonStarter/Prefabs/SM_Generic_Ground_04.prefab
  artifactKey: Guid(6cf950e757e075945b307868fc3bd60e) Importer(815301076,1909f56bfc062723c751e8b465ee728b)
Start importing Assets/PolygonStarter/Prefabs/SM_Generic_Ground_04.prefab using Guid(6cf950e757e075945b307868fc3bd60e) Importer(815301076,1909f56bfc062723c751e8b465ee728b)  -> (artifact id: '79f4809721560ac4e40188e54d645da7') in 0.018914 seconds 
========================================================================
Received Import Request.
  Time since last request: 0.486405 seconds.
  path: Assets/PolygonStarter/Prefabs/SM_Generic_Ground_Flat_01.prefab
  artifactKey: Guid(e484c7ad7b1274b4c847940d3eb54d14) Importer(815301076,1909f56bfc062723c751e8b465ee728b)
Start importing Assets/PolygonStarter/Prefabs/SM_Generic_Ground_Flat_01.prefab using Guid(e484c7ad7b1274b4c847940d3eb54d14) Importer(815301076,1909f56bfc062723c751e8b465ee728b)  -> (artifact id: '6c3826fbe1f712ee1716c9750b6221f2') in 0.018125 seconds 
========================================================================
Received Import Request.
  Time since last request: 0.385429 seconds.
  path: Assets/PolygonStarter/Prefabs/SM_Generic_Mountains_Grass_02.prefab
  artifactKey: Guid(d2201b576d0da384fb8f681e57559ea8) Importer(815301076,1909f56bfc062723c751e8b465ee728b)
Start importing Assets/PolygonStarter/Prefabs/SM_Generic_Mountains_Grass_02.prefab using Guid(d2201b576d0da384fb8f681e57559ea8) Importer(815301076,1909f56bfc062723c751e8b465ee728b)  -> (artifact id: '751b9657ba57e4a80ce82db0497f8eeb') in 0.017793 seconds 
========================================================================
Received Import Request.
  Time since last request: 0.924763 seconds.
  path: Assets/PolygonStarter/Prefabs/SM_Generic_Tree_03.prefab
  artifactKey: Guid(56edbd376562e9544ab88753fd3c4682) Importer(815301076,1909f56bfc062723c751e8b465ee728b)
Start importing Assets/PolygonStarter/Prefabs/SM_Generic_Tree_03.prefab using Guid(56edbd376562e9544ab88753fd3c4682) Importer(815301076,1909f56bfc062723c751e8b465ee728b)  -> (artifact id: 'a263659037f4b40e270f76f9ba0e9c69') in 0.019786 seconds 
========================================================================
Received Import Request.
  Time since last request: 0.463797 seconds.
  path: Assets/PolygonStarter/Prefabs/SM_Generic_Tree_01.prefab
  artifactKey: Guid(ab36f4e752fd5d74d8e9f8f24c8864f2) Importer(815301076,1909f56bfc062723c751e8b465ee728b)
Start importing Assets/PolygonStarter/Prefabs/SM_Generic_Tree_01.prefab using Guid(ab36f4e752fd5d74d8e9f8f24c8864f2) Importer(815301076,1909f56bfc062723c751e8b465ee728b)  -> (artifact id: 'f014a764d9cb093a60791ec83a48da60') in 0.029031 seconds 
========================================================================
Received Import Request.
  Time since last request: 0.499528 seconds.
  path: Assets/PolygonStarter/Prefabs/SM_Generic_TreeStump_01.prefab
  artifactKey: Guid(e865a10713e46984aba70d89a679e42f) Importer(815301076,1909f56bfc062723c751e8b465ee728b)
Start importing Assets/PolygonStarter/Prefabs/SM_Generic_TreeStump_01.prefab using Guid(e865a10713e46984aba70d89a679e42f) Importer(815301076,1909f56bfc062723c751e8b465ee728b)  -> (artifact id: 'e0de32994b00d9c06ef3b2c4eac0bb42') in 0.018713 seconds 
========================================================================
Received Import Request.
  Time since last request: 0.784205 seconds.
  path: Assets/PolygonStarter/Prefabs/SM_PolygonPrototype_Icon_Arrow_Small_01.prefab
  artifactKey: Guid(f0371e756e6017b4c84e42073506be40) Importer(815301076,1909f56bfc062723c751e8b465ee728b)
Start importing Assets/PolygonStarter/Prefabs/SM_PolygonPrototype_Icon_Arrow_Small_01.prefab using Guid(f0371e756e6017b4c84e42073506be40) Importer(815301076,1909f56bfc062723c751e8b465ee728b)  -> (artifact id: '10280cd908d7b16d3dfd44beb4f7450f') in 0.018317 seconds 
========================================================================
Received Import Request.
  Time since last request: 0.524409 seconds.
  path: Assets/PolygonStarter/Prefabs/SM_PolygonPrototype_Buildings_Stairs_1x1_01P.prefab
  artifactKey: Guid(f675c07d915406144ae3100b985c0abc) Importer(815301076,1909f56bfc062723c751e8b465ee728b)
Start importing Assets/PolygonStarter/Prefabs/SM_PolygonPrototype_Buildings_Stairs_1x1_01P.prefab using Guid(f675c07d915406144ae3100b985c0abc) Importer(815301076,1909f56bfc062723c751e8b465ee728b)  -> (artifact id: '6cc6109c69981ee961ea37f39a1e1f14') in 0.019243 seconds 
========================================================================
Received Import Request.
  Time since last request: 0.802665 seconds.
  path: Assets/PolygonStarter/Prefabs/SM_SimpleSky_Dome_01.prefab
  artifactKey: Guid(139b3e971e6648b459617b164e32d96d) Importer(815301076,1909f56bfc062723c751e8b465ee728b)
Start importing Assets/PolygonStarter/Prefabs/SM_SimpleSky_Dome_01.prefab using Guid(139b3e971e6648b459617b164e32d96d) Importer(815301076,1909f56bfc062723c751e8b465ee728b)  -> (artifact id: 'fe682a3b97973918e16e49d1efcfd60b') in 0.047941 seconds 
========================================================================
Received Import Request.
  Time since last request: 0.349990 seconds.
  path: Assets/PolygonStarter/Prefabs/SM_Wep_Watergun_01.prefab
  artifactKey: Guid(f528363d2aaa5d748ab9fcd16b601236) Importer(815301076,1909f56bfc062723c751e8b465ee728b)
Start importing Assets/PolygonStarter/Prefabs/SM_Wep_Watergun_01.prefab using Guid(f528363d2aaa5d748ab9fcd16b601236) Importer(815301076,1909f56bfc062723c751e8b465ee728b)  -> (artifact id: '469112c0fa046406468f221a4b4df692') in 0.020671 seconds 
========================================================================
Received Import Request.
  Time since last request: 0.388837 seconds.
  path: Assets/PolygonStarter/Prefabs/SM_Wep_Watergun_02.prefab
  artifactKey: Guid(787a31f2409a3f64c987faeb2a72ab86) Importer(815301076,1909f56bfc062723c751e8b465ee728b)
Start importing Assets/PolygonStarter/Prefabs/SM_Wep_Watergun_02.prefab using Guid(787a31f2409a3f64c987faeb2a72ab86) Importer(815301076,1909f56bfc062723c751e8b465ee728b)  -> (artifact id: '785e49e2dc93f7a54e02e9d29e340e70') in 0.018791 seconds 
========================================================================
Received Import Request.
  Time since last request: 0.942058 seconds.
  path: Assets/PolygonStarter/Prefabs/SM_Wep_Shield_04.prefab
  artifactKey: Guid(90fb214880065ca44be9cb53bcbd6780) Importer(815301076,1909f56bfc062723c751e8b465ee728b)
Start importing Assets/PolygonStarter/Prefabs/SM_Wep_Shield_04.prefab using Guid(90fb214880065ca44be9cb53bcbd6780) Importer(815301076,1909f56bfc062723c751e8b465ee728b)  -> (artifact id: '4d431a1c30620891693c668198c96f67') in 0.018010 seconds 
========================================================================
Received Import Request.
  Time since last request: 0.380983 seconds.
  path: Assets/PolygonStarter/Prefabs/SM_PolygonPrototype_Prop_Sword_01.prefab
  artifactKey: Guid(1eb47ee7fb4e0224482d77ed61559671) Importer(815301076,1909f56bfc062723c751e8b465ee728b)
Start importing Assets/PolygonStarter/Prefabs/SM_PolygonPrototype_Prop_Sword_01.prefab using Guid(1eb47ee7fb4e0224482d77ed61559671) Importer(815301076,1909f56bfc062723c751e8b465ee728b)  -> (artifact id: '423542cacf38f96971c4e39c71934624') in 0.017891 seconds 
========================================================================
Received Import Request.
  Time since last request: 1.842933 seconds.
  path: Assets/PolygonStarter/Prefabs/Characters
  artifactKey: Guid(931ab442c18052d448ff5e910fe29209) Importer(815301076,1909f56bfc062723c751e8b465ee728b)
Start importing Assets/PolygonStarter/Prefabs/Characters using Guid(931ab442c18052d448ff5e910fe29209) Importer(815301076,1909f56bfc062723c751e8b465ee728b)  -> (artifact id: '68c1e29faf78b7f86d0d8247775781d7') in 0.002530 seconds 
========================================================================
Received Import Request.
  Time since last request: 1.040248 seconds.
  path: Assets/PolygonStarter/Prefabs/Characters/SM_Bean_Cop_01.prefab
  artifactKey: Guid(f10c394033f254647873f3d28a75a062) Importer(815301076,1909f56bfc062723c751e8b465ee728b)
Start importing Assets/PolygonStarter/Prefabs/Characters/SM_Bean_Cop_01.prefab using Guid(f10c394033f254647873f3d28a75a062) Importer(815301076,1909f56bfc062723c751e8b465ee728b)  -> (artifact id: '49198b1ee67550695a11963f7ceb145e') in 0.018071 seconds 
========================================================================
Received Import Request.
  Time since last request: 0.702390 seconds.
  path: Assets/PolygonStarter/Prefabs/Characters/SM_Bean_Cowboy_01.prefab
  artifactKey: Guid(e332982425ee2ec48b168979bb7b43f5) Importer(815301076,1909f56bfc062723c751e8b465ee728b)
Start importing Assets/PolygonStarter/Prefabs/Characters/SM_Bean_Cowboy_01.prefab using Guid(e332982425ee2ec48b168979bb7b43f5) Importer(815301076,1909f56bfc062723c751e8b465ee728b)  -> (artifact id: '486d4e372ce850b297388b900a19a572') in 0.017770 seconds 
========================================================================
Received Import Request.
  Time since last request: 0.577340 seconds.
  path: Assets/PolygonStarter/Prefabs/Characters/SM_Bean_Female_01.prefab
  artifactKey: Guid(bc89cff11dc72544faaaa69b501fd596) Importer(815301076,1909f56bfc062723c751e8b465ee728b)
Start importing Assets/PolygonStarter/Prefabs/Characters/SM_Bean_Female_01.prefab using Guid(bc89cff11dc72544faaaa69b501fd596) Importer(815301076,1909f56bfc062723c751e8b465ee728b)  -> (artifact id: 'd635043d7e856fe3e83f5042717265a1') in 0.018406 seconds 
========================================================================
Received Import Request.
  Time since last request: 0.620369 seconds.
  path: Assets/PolygonStarter/Prefabs/Characters/SM_Bean_Town_Female_01.prefab
  artifactKey: Guid(9b88eb630e9e15a4f950eae741685374) Importer(815301076,1909f56bfc062723c751e8b465ee728b)
Start importing Assets/PolygonStarter/Prefabs/Characters/SM_Bean_Town_Female_01.prefab using Guid(9b88eb630e9e15a4f950eae741685374) Importer(815301076,1909f56bfc062723c751e8b465ee728b)  -> (artifact id: '9c62ccb3a2b5e17c65f9c4dd769d73fa') in 0.016790 seconds 
========================================================================
Received Import Request.
  Time since last request: 0.681920 seconds.
  path: Assets/PolygonStarter/Prefabs/Characters/SM_Character_Female_01.prefab
  artifactKey: Guid(68617247be1cad64d8dfe7e3cbbb3174) Importer(815301076,1909f56bfc062723c751e8b465ee728b)
Start importing Assets/PolygonStarter/Prefabs/Characters/SM_Character_Female_01.prefab using Guid(68617247be1cad64d8dfe7e3cbbb3174) Importer(815301076,1909f56bfc062723c751e8b465ee728b)  -> (artifact id: 'c4588e95b256f9fea50234c0c3f65d8b') in 0.022318 seconds 
========================================================================
Received Import Request.
  Time since last request: 1.032046 seconds.
  path: Assets/PolygonStarter/Prefabs/Characters/SM_Character_Male_01.prefab
  artifactKey: Guid(f11fc98cf1e8d5547a9b2ec85cc9c664) Importer(815301076,1909f56bfc062723c751e8b465ee728b)
Start importing Assets/PolygonStarter/Prefabs/Characters/SM_Character_Male_01.prefab using Guid(f11fc98cf1e8d5547a9b2ec85cc9c664) Importer(815301076,1909f56bfc062723c751e8b465ee728b)  -> (artifact id: 'f67d55d773636d0e661ff8e16f6232f3') in 0.030624 seconds 
========================================================================
Received Import Request.
  Time since last request: 30.913025 seconds.
  path: Assets/PolygonStarter/Materials/Plane
  artifactKey: Guid(4b72f0e5578cbba42990b0e9557ba55f) Importer(815301076,1909f56bfc062723c751e8b465ee728b)
Start importing Assets/PolygonStarter/Materials/Plane using Guid(4b72f0e5578cbba42990b0e9557ba55f) Importer(815301076,1909f56bfc062723c751e8b465ee728b)  -> (artifact id: '51f76e8595780645b223aea6e8d46a49') in 0.011992 seconds 
========================================================================
Received Import Request.
  Time since last request: 15.083753 seconds.
  path: Assets/PolygonStarter/Textures/Simple_Sky_Texture_01.png
  artifactKey: Guid(a073e30cf8f3cab47b5cf5aa2df423f3) Importer(815301076,1909f56bfc062723c751e8b465ee728b)
Start importing Assets/PolygonStarter/Textures/Simple_Sky_Texture_01.png using Guid(a073e30cf8f3cab47b5cf5aa2df423f3) Importer(815301076,1909f56bfc062723c751e8b465ee728b)  -> (artifact id: '5f6f461fe41a18129822f421a8d3b1b4') in 0.016312 seconds 
========================================================================
Received Import Request.
  Time since last request: 79.661578 seconds.
  path: Assets/PolygonStarter/Models
  artifactKey: Guid(78edfa7ec30713c4eb8b09f84a29ec1d) Importer(815301076,1909f56bfc062723c751e8b465ee728b)
Start importing Assets/PolygonStarter/Models using Guid(78edfa7ec30713c4eb8b09f84a29ec1d) Importer(815301076,1909f56bfc062723c751e8b465ee728b)  -> (artifact id: '728bc250f69de187a5d6a21bed900788') in 0.009499 seconds 
========================================================================
Received Import Request.
  Time since last request: 393.579802 seconds.
  path: Assets/Animations/Running Backward.fbx
  artifactKey: Guid(dbb80498b286a824085b5ef0182aa604) Importer(815301076,1909f56bfc062723c751e8b465ee728b)
Start importing Assets/Animations/Running Backward.fbx using Guid(dbb80498b286a824085b5ef0182aa604) Importer(815301076,1909f56bfc062723c751e8b465ee728b)  -> (artifact id: '12c71e3ac086b655989b73eade5f889c') in 0.127573 seconds 
========================================================================
Received Import Request.
  Time since last request: 316.696680 seconds.
  path: Assets/PolygonStarter/Prefabs/SM_Generic_Ground_03.prefab
  artifactKey: Guid(03b298e339be8c8428fc06f3fc1d627a) Importer(815301076,1909f56bfc062723c751e8b465ee728b)
Start importing Assets/PolygonStarter/Prefabs/SM_Generic_Ground_03.prefab using Guid(03b298e339be8c8428fc06f3fc1d627a) Importer(815301076,1909f56bfc062723c751e8b465ee728b)  -> (artifact id: '0a78c73f5f83feebee4d879d616d98d0') in 0.023173 seconds 
========================================================================
Received Import Request.
  Time since last request: 1.808983 seconds.
  path: Assets/PolygonStarter/Prefabs/SM_Generic_Small_Rocks_01.prefab
  artifactKey: Guid(39dfb394e864da84db3b1c7e8f517888) Importer(815301076,1909f56bfc062723c751e8b465ee728b)
Start importing Assets/PolygonStarter/Prefabs/SM_Generic_Small_Rocks_01.prefab using Guid(39dfb394e864da84db3b1c7e8f517888) Importer(815301076,1909f56bfc062723c751e8b465ee728b)  -> (artifact id: '868ff5828d3404308d489528c387b62e') in 0.018693 seconds 
========================================================================
Received Import Request.
  Time since last request: 0.488751 seconds.
  path: Assets/PolygonStarter/Prefabs/SM_Generic_Small_Rocks_02.prefab
  artifactKey: Guid(a76742b3f592d834ca1e03ad08301998) Importer(815301076,1909f56bfc062723c751e8b465ee728b)
Start importing Assets/PolygonStarter/Prefabs/SM_Generic_Small_Rocks_02.prefab using Guid(a76742b3f592d834ca1e03ad08301998) Importer(815301076,1909f56bfc062723c751e8b465ee728b)  -> (artifact id: '9b142a45bcdfe7916a622e452778a397') in 0.018540 seconds 
========================================================================
Received Import Request.
  Time since last request: 0.432806 seconds.
  path: Assets/PolygonStarter/Prefabs/SM_Generic_Small_Rocks_03.prefab
  artifactKey: Guid(7f14e8833dc154b44b20de9e6f911ca0) Importer(815301076,1909f56bfc062723c751e8b465ee728b)
Start importing Assets/PolygonStarter/Prefabs/SM_Generic_Small_Rocks_03.prefab using Guid(7f14e8833dc154b44b20de9e6f911ca0) Importer(815301076,1909f56bfc062723c751e8b465ee728b)  -> (artifact id: '1dcd4961d6345d2f79ac189f165de1f6') in 0.019000 seconds 
========================================================================
Received Import Request.
  Time since last request: 0.357229 seconds.
  path: Assets/PolygonStarter/Prefabs/SM_Generic_Small_Rocks_04.prefab
  artifactKey: Guid(097c26aede8f73e41a32d546bd00e97f) Importer(815301076,1909f56bfc062723c751e8b465ee728b)
Start importing Assets/PolygonStarter/Prefabs/SM_Generic_Small_Rocks_04.prefab using Guid(097c26aede8f73e41a32d546bd00e97f) Importer(815301076,1909f56bfc062723c751e8b465ee728b)  -> (artifact id: '646ea1ac85fc7f768e9c76942c2972a9') in 0.018983 seconds 
========================================================================
Received Import Request.
  Time since last request: 1.773216 seconds.
  path: Assets/PolygonStarter/Prefabs/SM_PolygonApocalypse_Bld_House_01.prefab
  artifactKey: Guid(09135c03210603f42b4207ff66b56781) Importer(815301076,1909f56bfc062723c751e8b465ee728b)
Start importing Assets/PolygonStarter/Prefabs/SM_PolygonApocalypse_Bld_House_01.prefab using Guid(09135c03210603f42b4207ff66b56781) Importer(815301076,1909f56bfc062723c751e8b465ee728b)  -> (artifact id: '59156bbe9e41248daea147260356aed0') in 0.019674 seconds 
========================================================================
Received Import Request.
  Time since last request: 0.379530 seconds.
  path: Assets/PolygonStarter/Prefabs/SM_PolygonPrototype_Buildings_Block_1x1_01P.prefab
  artifactKey: Guid(bbc12ae2f967ec04e8c3c39eeb92733b) Importer(815301076,1909f56bfc062723c751e8b465ee728b)
Start importing Assets/PolygonStarter/Prefabs/SM_PolygonPrototype_Buildings_Block_1x1_01P.prefab using Guid(bbc12ae2f967ec04e8c3c39eeb92733b) Importer(815301076,1909f56bfc062723c751e8b465ee728b)  -> (artifact id: '5d34a86f50fd6a762066f033f99956e7') in 0.018907 seconds 
========================================================================
Received Import Request.
  Time since last request: 0.911230 seconds.
  path: Assets/PolygonStarter/Prefabs/SM_PolygonPrototype_Buildings_Ramp_25_1x1_01P.prefab
  artifactKey: Guid(35b4129ac994d4e49a7699deb68ac65b) Importer(815301076,1909f56bfc062723c751e8b465ee728b)
Start importing Assets/PolygonStarter/Prefabs/SM_PolygonPrototype_Buildings_Ramp_25_1x1_01P.prefab using Guid(35b4129ac994d4e49a7699deb68ac65b) Importer(815301076,1909f56bfc062723c751e8b465ee728b)  -> (artifact id: '53e2a269f30fd3a52e0e9f08c953fc84') in 0.028606 seconds 
========================================================================
Received Import Request.
  Time since last request: 0.965859 seconds.
  path: Assets/PolygonStarter/Prefabs/SM_PolygonPrototype_Buildings_WallDoor_2x3_01P.prefab
  artifactKey: Guid(dc7c84106cc461e4f8dac748879dbe72) Importer(815301076,1909f56bfc062723c751e8b465ee728b)
Start importing Assets/PolygonStarter/Prefabs/SM_PolygonPrototype_Buildings_WallDoor_2x3_01P.prefab using Guid(dc7c84106cc461e4f8dac748879dbe72) Importer(815301076,1909f56bfc062723c751e8b465ee728b)  -> (artifact id: '1d5d010698862817fee6ae89e1d78f72') in 0.019477 seconds 
========================================================================
Received Import Request.
  Time since last request: 0.889177 seconds.
  path: Assets/PolygonStarter/Prefabs/SM_PolygonPrototype_Prop_Ladder_1x2_01P.prefab
  artifactKey: Guid(807bf6650795ad04395313d04ebe88c5) Importer(815301076,1909f56bfc062723c751e8b465ee728b)
Start importing Assets/PolygonStarter/Prefabs/SM_PolygonPrototype_Prop_Ladder_1x2_01P.prefab using Guid(807bf6650795ad04395313d04ebe88c5) Importer(815301076,1909f56bfc062723c751e8b465ee728b)  -> (artifact id: 'b1052159007f0382c44fac611208d6bd') in 0.029241 seconds 
========================================================================
Received Import Request.
  Time since last request: 0.346146 seconds.
  path: Assets/PolygonStarter/Prefabs/SM_PolygonPrototype_Prop_Target_03.prefab
  artifactKey: Guid(e0d3f8289f60e1e49a5d66d5eb8582f3) Importer(815301076,1909f56bfc062723c751e8b465ee728b)
Start importing Assets/PolygonStarter/Prefabs/SM_PolygonPrototype_Prop_Target_03.prefab using Guid(e0d3f8289f60e1e49a5d66d5eb8582f3) Importer(815301076,1909f56bfc062723c751e8b465ee728b)  -> (artifact id: '4364965d4eb6ccd76d0be32ea438fa5b') in 0.028551 seconds 
========================================================================
Received Import Request.
  Time since last request: 1.264480 seconds.
  path: Assets/PolygonStarter/Prefabs/SM_Veh_Plane_Stunt_01.prefab
  artifactKey: Guid(bbea6872df405a045862b0d1f277c5ac) Importer(815301076,1909f56bfc062723c751e8b465ee728b)
Start importing Assets/PolygonStarter/Prefabs/SM_Veh_Plane_Stunt_01.prefab using Guid(bbea6872df405a045862b0d1f277c5ac) Importer(815301076,1909f56bfc062723c751e8b465ee728b)  -> (artifact id: 'f7037e1ec65b69aa5e42b686f883dfe2') in 0.240805 seconds 
========================================================================
Received Import Request.
  Time since last request: 0.797872 seconds.
  path: Assets/PolygonStarter/Prefabs/SM_Wep_WaterPistol_01.prefab
  artifactKey: Guid(c6865c562fd3f2841a92dc0cbbd6b4b4) Importer(815301076,1909f56bfc062723c751e8b465ee728b)
Start importing Assets/PolygonStarter/Prefabs/SM_Wep_WaterPistol_01.prefab using Guid(c6865c562fd3f2841a92dc0cbbd6b4b4) Importer(815301076,1909f56bfc062723c751e8b465ee728b)  -> (artifact id: '23bd65a1fcd2407ce6ec23b67edf3e4a') in 0.031479 seconds 
========================================================================
Received Import Request.
  Time since last request: 0.975677 seconds.
  path: Assets/PolygonStarter/Prefabs/SM_Prop_Plane_Ring_01.prefab
  artifactKey: Guid(bc59902fe8272d54da1ae082ff755757) Importer(815301076,1909f56bfc062723c751e8b465ee728b)
Start importing Assets/PolygonStarter/Prefabs/SM_Prop_Plane_Ring_01.prefab using Guid(bc59902fe8272d54da1ae082ff755757) Importer(815301076,1909f56bfc062723c751e8b465ee728b)  -> (artifact id: 'f4827f18d2f89345f4ed7aec56469b0d') in 0.018678 seconds 
========================================================================
Received Import Request.
  Time since last request: 259.516893 seconds.
  path: Assets/Character/Running.fbx
  artifactKey: Guid(15b3af3e375352649a2a3f023cec51fe) Importer(815301076,1909f56bfc062723c751e8b465ee728b)
Start importing Assets/Character/Running.fbx using Guid(15b3af3e375352649a2a3f023cec51fe) Importer(815301076,1909f56bfc062723c751e8b465ee728b)  -> (artifact id: '6a267f232498277688c68cc167482d51') in 0.105487 seconds 
========================================================================
Received Import Request.
  Time since last request: 23.133416 seconds.
  path: Assets/Character/Running.fbx
  artifactKey: Guid(15b3af3e375352649a2a3f023cec51fe) Importer(815301076,1909f56bfc062723c751e8b465ee728b)
Start importing Assets/Character/Running.fbx using Guid(15b3af3e375352649a2a3f023cec51fe) Importer(815301076,1909f56bfc062723c751e8b465ee728b)  -> (artifact id: '9f860267cb2dc70a63f6973910bdceea') in 0.324924 seconds 
========================================================================
Received Import Request.
  Time since last request: 1.361661 seconds.
  path: Assets/Character/Running.fbx
  artifactKey: Guid(15b3af3e375352649a2a3f023cec51fe) Importer(815301076,1909f56bfc062723c751e8b465ee728b)
Start importing Assets/Character/Running.fbx using Guid(15b3af3e375352649a2a3f023cec51fe) Importer(815301076,1909f56bfc062723c751e8b465ee728b)  -> (artifact id: '0bea68c4eb7015f0910a849b8b375c78') in 0.068406 seconds 
========================================================================
Received Prepare
Registering precompiled user dll's ...
Registered in 0.006239 seconds.
Begin MonoManager ReloadAssembly
Symbol file LoadedFromMemory doesn't match image C:\Users\EdaGunes\UnityProjects\EndlessRunner\EndlessRunner\Library\PackageCache\com.unity.visualscripting@1.8.0\Editor\VisualScripting.Core\Dependencies\YamlDotNet\Unity.VisualScripting.YamlDotNet.dll
Symbol file LoadedFromMemory doesn't match image C:\Users\EdaGunes\UnityProjects\EndlessRunner\EndlessRunner\Library\PackageCache\com.unity.visualscripting@1.8.0\Editor\VisualScripting.Core\Dependencies\DotNetZip\Unity.VisualScripting.IonicZip.dll
Native extension for WindowsStandalone target not found
Native extension for Android target not found
Refreshing native plugins compatible for Editor in 0.66 ms, found 3 plugins.
Preloading 0 native plugins for Editor in 0.00 ms.
Mono: successfully reloaded assembly
- Completed reload, in  1.324 seconds
Domain Reload Profiling:
	ReloadAssembly (1325ms)
		BeginReloadAssembly (177ms)
			ExecutionOrderSort (0ms)
			DisableScriptedObjects (6ms)
			BackupInstance (0ms)
			ReleaseScriptingObjects (0ms)
			CreateAndSetChildDomain (48ms)
		EndReloadAssembly (1008ms)
			LoadAssemblies (109ms)
			RebuildTransferFunctionScriptingTraits (0ms)
			SetupTypeCache (337ms)
			ReleaseScriptCaches (1ms)
			RebuildScriptCaches (58ms)
			SetupLoadedEditorAssemblies (442ms)
				LogAssemblyErrors (0ms)
				InitializePlatformSupportModulesInManaged (29ms)
				SetLoadedEditorAssemblies (1ms)
				RefreshPlugins (1ms)
				BeforeProcessingInitializeOnLoad (86ms)
				ProcessInitializeOnLoadAttributes (277ms)
				ProcessInitializeOnLoadMethodAttributes (33ms)
				AfterProcessingInitializeOnLoad (14ms)
				EditorAssembliesLoaded (0ms)
			ExecutionOrderSort2 (0ms)
			AwakeInstancesAfterBackupRestoration (8ms)
Platform modules already initialized, skipping
Refreshing native plugins compatible for Editor in 2.11 ms, found 3 plugins.
Preloading 0 native plugins for Editor in 0.00 ms.
Unloading 3040 Unused Serialized files (Serialized files now loaded: 0)
Unloading 15 unused Assets / (24.7 KB). Loaded Objects now: 3564.
Memory consumption went from 124.9 MB to 124.9 MB.
Total: 4.063400 ms (FindLiveObjects: 0.314100 ms CreateObjectMapping: 0.180500 ms MarkObjects: 3.531100 ms  DeleteObjects: 0.036300 ms)

AssetImportParameters requested are different than current active one (requested -> active):
  custom:video-decoder-ogg-theora: a1e56fd34408186e4bbccfd4996cb3dc -> 
  custom:container-muxer-webm: aa71ff27fc2769a1b78a27578f13a17b -> 
  custom:container-demuxer-webm: 4f35f7cbe854078d1ac9338744f61a02 -> 
  custom:video-encoder-webm-vp8: eb34c28f22e8b96e1ab97ce403110664 -> 
  custom:audio-encoder-webm-vorbis: bf7c407c2cedff20999df2af8eb42d56 -> 
  custom:framework-win-MediaFoundation: 216162199b28c13a410421893ffa2e32 -> 
  custom:container-demuxer-ogg: 62fdf1f143b41e24485cea50d1cbac27 -> 
  custom:video-decoder-webm-vp8: 9c59270c3fd7afecdb556c50c9e8de78 -> 
  custom:audio-decoder-ogg-vorbis: bf7c407c2cedff20999df2af8eb42d56 -> 
========================================================================
Received Import Request.
  Time since last request: 143.055254 seconds.
  path: Assets/Character/Player.fbx
  artifactKey: Guid(2e2f9f91c5a98a342957161bad39979d) Importer(815301076,1909f56bfc062723c751e8b465ee728b)
Start importing Assets/Character/Player.fbx using Guid(2e2f9f91c5a98a342957161bad39979d) Importer(815301076,1909f56bfc062723c751e8b465ee728b)  -> (artifact id: 'c483197b063b6bf688cf7b2dd5978651') in 0.204719 seconds 
========================================================================
Received Import Request.
  Time since last request: 22.478901 seconds.
  path: Assets/Character/Player.fbx
  artifactKey: Guid(2e2f9f91c5a98a342957161bad39979d) Importer(815301076,1909f56bfc062723c751e8b465ee728b)
Start importing Assets/Character/Player.fbx using Guid(2e2f9f91c5a98a342957161bad39979d) Importer(815301076,1909f56bfc062723c751e8b465ee728b)  -> (artifact id: '5c3e32981831bd28bdce30101220c147') in 0.123644 seconds 
========================================================================
Received Import Request.
  Time since last request: 36.622799 seconds.
  path: Assets/Character/Player.fbx
  artifactKey: Guid(2e2f9f91c5a98a342957161bad39979d) Importer(815301076,1909f56bfc062723c751e8b465ee728b)
Start importing Assets/Character/Player.fbx using Guid(2e2f9f91c5a98a342957161bad39979d) Importer(815301076,1909f56bfc062723c751e8b465ee728b)  -> (artifact id: 'd070c0f7af752510b4d3ebb552e7498a') in 0.062640 seconds 
========================================================================
Received Import Request.
  Time since last request: 6.881261 seconds.
  path: Assets/Character/Boy01_diffuse.jpg
  artifactKey: Guid(27d856c3c87a8b74dbe2585ccc6baefa) Importer(815301076,1909f56bfc062723c751e8b465ee728b)
Start importing Assets/Character/Boy01_diffuse.jpg using Guid(27d856c3c87a8b74dbe2585ccc6baefa) Importer(815301076,1909f56bfc062723c751e8b465ee728b)  -> (artifact id: 'a963f686791ee12cfee1045d6b26a27b') in 0.024119 seconds 
========================================================================
Received Import Request.
  Time since last request: 29.683145 seconds.
  path: Assets/Character/Running.fbx
  artifactKey: Guid(15b3af3e375352649a2a3f023cec51fe) Importer(815301076,1909f56bfc062723c751e8b465ee728b)
Start importing Assets/Character/Running.fbx using Guid(15b3af3e375352649a2a3f023cec51fe) Importer(815301076,1909f56bfc062723c751e8b465ee728b)  -> (artifact id: '92bb37f04de6da60a4acd960fbeaa9c8') in 0.097931 seconds 
========================================================================
Received Prepare
Registering precompiled user dll's ...
Registered in 0.004952 seconds.
Begin MonoManager ReloadAssembly
Symbol file LoadedFromMemory doesn't match image C:\Users\EdaGunes\UnityProjects\EndlessRunner\EndlessRunner\Library\PackageCache\com.unity.visualscripting@1.8.0\Editor\VisualScripting.Core\Dependencies\YamlDotNet\Unity.VisualScripting.YamlDotNet.dll
Symbol file LoadedFromMemory doesn't match image C:\Users\EdaGunes\UnityProjects\EndlessRunner\EndlessRunner\Library\PackageCache\com.unity.visualscripting@1.8.0\Editor\VisualScripting.Core\Dependencies\DotNetZip\Unity.VisualScripting.IonicZip.dll
Native extension for WindowsStandalone target not found
Native extension for Android target not found
Refreshing native plugins compatible for Editor in 0.58 ms, found 3 plugins.
Preloading 0 native plugins for Editor in 0.00 ms.
Mono: successfully reloaded assembly
- Completed reload, in  1.285 seconds
Domain Reload Profiling:
	ReloadAssembly (1286ms)
		BeginReloadAssembly (171ms)
			ExecutionOrderSort (0ms)
			DisableScriptedObjects (6ms)
			BackupInstance (0ms)
			ReleaseScriptingObjects (0ms)
			CreateAndSetChildDomain (38ms)
		EndReloadAssembly (1003ms)
			LoadAssemblies (118ms)
			RebuildTransferFunctionScriptingTraits (0ms)
			SetupTypeCache (317ms)
			ReleaseScriptCaches (1ms)
			RebuildScriptCaches (54ms)
			SetupLoadedEditorAssemblies (454ms)
				LogAssemblyErrors (0ms)
				InitializePlatformSupportModulesInManaged (29ms)
				SetLoadedEditorAssemblies (0ms)
				RefreshPlugins (1ms)
				BeforeProcessingInitializeOnLoad (93ms)
				ProcessInitializeOnLoadAttributes (290ms)
				ProcessInitializeOnLoadMethodAttributes (28ms)
				AfterProcessingInitializeOnLoad (12ms)
				EditorAssembliesLoaded (0ms)
			ExecutionOrderSort2 (0ms)
			AwakeInstancesAfterBackupRestoration (10ms)
Platform modules already initialized, skipping
Refreshing native plugins compatible for Editor in 3.41 ms, found 3 plugins.
Preloading 0 native plugins for Editor in 0.00 ms.
Unloading 3040 Unused Serialized files (Serialized files now loaded: 0)
Unloading 15 unused Assets / (24.6 KB). Loaded Objects now: 3567.
Memory consumption went from 125.0 MB to 124.9 MB.
Total: 3.959000 ms (FindLiveObjects: 0.325600 ms CreateObjectMapping: 0.269500 ms MarkObjects: 3.330800 ms  DeleteObjects: 0.032000 ms)

AssetImportParameters requested are different than current active one (requested -> active):
  custom:video-decoder-ogg-theora: a1e56fd34408186e4bbccfd4996cb3dc -> 
  custom:container-muxer-webm: aa71ff27fc2769a1b78a27578f13a17b -> 
  custom:container-demuxer-webm: 4f35f7cbe854078d1ac9338744f61a02 -> 
  custom:video-encoder-webm-vp8: eb34c28f22e8b96e1ab97ce403110664 -> 
  custom:audio-encoder-webm-vorbis: bf7c407c2cedff20999df2af8eb42d56 -> 
  custom:framework-win-MediaFoundation: 216162199b28c13a410421893ffa2e32 -> 
  custom:container-demuxer-ogg: 62fdf1f143b41e24485cea50d1cbac27 -> 
  custom:video-decoder-webm-vp8: 9c59270c3fd7afecdb556c50c9e8de78 -> 
  custom:audio-decoder-ogg-vorbis: bf7c407c2cedff20999df2af8eb42d56 -> 
========================================================================
Received Prepare
Registering precompiled user dll's ...
Registered in 0.008770 seconds.
Begin MonoManager ReloadAssembly
Symbol file LoadedFromMemory doesn't match image C:\Users\EdaGunes\UnityProjects\EndlessRunner\EndlessRunner\Library\PackageCache\com.unity.visualscripting@1.8.0\Editor\VisualScripting.Core\Dependencies\YamlDotNet\Unity.VisualScripting.YamlDotNet.dll
Symbol file LoadedFromMemory doesn't match image C:\Users\EdaGunes\UnityProjects\EndlessRunner\EndlessRunner\Library\PackageCache\com.unity.visualscripting@1.8.0\Editor\VisualScripting.Core\Dependencies\DotNetZip\Unity.VisualScripting.IonicZip.dll
Native extension for WindowsStandalone target not found
Native extension for Android target not found
Refreshing native plugins compatible for Editor in 0.63 ms, found 3 plugins.
Preloading 0 native plugins for Editor in 0.00 ms.
Mono: successfully reloaded assembly
- Completed reload, in  1.396 seconds
Domain Reload Profiling:
	ReloadAssembly (1397ms)
		BeginReloadAssembly (169ms)
			ExecutionOrderSort (0ms)
			DisableScriptedObjects (7ms)
			BackupInstance (0ms)
			ReleaseScriptingObjects (0ms)
			CreateAndSetChildDomain (37ms)
		EndReloadAssembly (1105ms)
			LoadAssemblies (112ms)
			RebuildTransferFunctionScriptingTraits (0ms)
			SetupTypeCache (385ms)
			ReleaseScriptCaches (1ms)
			RebuildScriptCaches (59ms)
			SetupLoadedEditorAssemblies (489ms)
				LogAssemblyErrors (0ms)
				InitializePlatformSupportModulesInManaged (28ms)
				SetLoadedEditorAssemblies (1ms)
				RefreshPlugins (1ms)
				BeforeProcessingInitializeOnLoad (103ms)
				ProcessInitializeOnLoadAttributes (313ms)
				ProcessInitializeOnLoadMethodAttributes (32ms)
				AfterProcessingInitializeOnLoad (11ms)
				EditorAssembliesLoaded (0ms)
			ExecutionOrderSort2 (0ms)
			AwakeInstancesAfterBackupRestoration (9ms)
Platform modules already initialized, skipping
Refreshing native plugins compatible for Editor in 2.05 ms, found 3 plugins.
Preloading 0 native plugins for Editor in 0.00 ms.
Unloading 3040 Unused Serialized files (Serialized files now loaded: 0)
Unloading 15 unused Assets / (24.7 KB). Loaded Objects now: 3570.
Memory consumption went from 125.0 MB to 125.0 MB.
Total: 3.592500 ms (FindLiveObjects: 0.284400 ms CreateObjectMapping: 0.180100 ms MarkObjects: 3.100600 ms  DeleteObjects: 0.026400 ms)

AssetImportParameters requested are different than current active one (requested -> active):
  custom:video-decoder-ogg-theora: a1e56fd34408186e4bbccfd4996cb3dc -> 
  custom:container-muxer-webm: aa71ff27fc2769a1b78a27578f13a17b -> 
  custom:container-demuxer-webm: 4f35f7cbe854078d1ac9338744f61a02 -> 
  custom:video-encoder-webm-vp8: eb34c28f22e8b96e1ab97ce403110664 -> 
  custom:audio-encoder-webm-vorbis: bf7c407c2cedff20999df2af8eb42d56 -> 
  custom:framework-win-MediaFoundation: 216162199b28c13a410421893ffa2e32 -> 
  custom:container-demuxer-ogg: 62fdf1f143b41e24485cea50d1cbac27 -> 
  custom:video-decoder-webm-vp8: 9c59270c3fd7afecdb556c50c9e8de78 -> 
  custom:audio-decoder-ogg-vorbis: bf7c407c2cedff20999df2af8eb42d56 -> 
========================================================================
Received Prepare
Registering precompiled user dll's ...
Registered in 0.005334 seconds.
Begin MonoManager ReloadAssembly
Symbol file LoadedFromMemory doesn't match image C:\Users\EdaGunes\UnityProjects\EndlessRunner\EndlessRunner\Library\PackageCache\com.unity.visualscripting@1.8.0\Editor\VisualScripting.Core\Dependencies\YamlDotNet\Unity.VisualScripting.YamlDotNet.dll
Symbol file LoadedFromMemory doesn't match image C:\Users\EdaGunes\UnityProjects\EndlessRunner\EndlessRunner\Library\PackageCache\com.unity.visualscripting@1.8.0\Editor\VisualScripting.Core\Dependencies\DotNetZip\Unity.VisualScripting.IonicZip.dll
Native extension for WindowsStandalone target not found
Native extension for Android target not found
Refreshing native plugins compatible for Editor in 0.92 ms, found 3 plugins.
Preloading 0 native plugins for Editor in 0.00 ms.
Mono: successfully reloaded assembly
- Completed reload, in  1.314 seconds
Domain Reload Profiling:
	ReloadAssembly (1315ms)
		BeginReloadAssembly (180ms)
			ExecutionOrderSort (0ms)
			DisableScriptedObjects (7ms)
			BackupInstance (0ms)
			ReleaseScriptingObjects (0ms)
			CreateAndSetChildDomain (40ms)
		EndReloadAssembly (1005ms)
			LoadAssemblies (112ms)
			RebuildTransferFunctionScriptingTraits (0ms)
			SetupTypeCache (315ms)
			ReleaseScriptCaches (1ms)
			RebuildScriptCaches (62ms)
			SetupLoadedEditorAssemblies (454ms)
				LogAssemblyErrors (0ms)
				InitializePlatformSupportModulesInManaged (27ms)
				SetLoadedEditorAssemblies (1ms)
				RefreshPlugins (1ms)
				BeforeProcessingInitializeOnLoad (92ms)
				ProcessInitializeOnLoadAttributes (291ms)
				ProcessInitializeOnLoadMethodAttributes (29ms)
				AfterProcessingInitializeOnLoad (13ms)
				EditorAssembliesLoaded (0ms)
			ExecutionOrderSort2 (0ms)
			AwakeInstancesAfterBackupRestoration (8ms)
Platform modules already initialized, skipping
Refreshing native plugins compatible for Editor in 2.95 ms, found 3 plugins.
Preloading 0 native plugins for Editor in 0.00 ms.
Unloading 3040 Unused Serialized files (Serialized files now loaded: 0)
Unloading 15 unused Assets / (24.7 KB). Loaded Objects now: 3573.
Memory consumption went from 125.0 MB to 125.0 MB.
Total: 3.585100 ms (FindLiveObjects: 0.651200 ms CreateObjectMapping: 0.199100 ms MarkObjects: 2.710200 ms  DeleteObjects: 0.023300 ms)

AssetImportParameters requested are different than current active one (requested -> active):
  custom:video-decoder-ogg-theora: a1e56fd34408186e4bbccfd4996cb3dc -> 
  custom:container-muxer-webm: aa71ff27fc2769a1b78a27578f13a17b -> 
  custom:container-demuxer-webm: 4f35f7cbe854078d1ac9338744f61a02 -> 
  custom:video-encoder-webm-vp8: eb34c28f22e8b96e1ab97ce403110664 -> 
  custom:audio-encoder-webm-vorbis: bf7c407c2cedff20999df2af8eb42d56 -> 
  custom:framework-win-MediaFoundation: 216162199b28c13a410421893ffa2e32 -> 
  custom:container-demuxer-ogg: 62fdf1f143b41e24485cea50d1cbac27 -> 
  custom:video-decoder-webm-vp8: 9c59270c3fd7afecdb556c50c9e8de78 -> 
  custom:audio-decoder-ogg-vorbis: bf7c407c2cedff20999df2af8eb42d56 -> 
